<?xml version="1.0" encoding="UTF-8"?>
<testsuite name="com.example.train1.Train1ApplicationTests" tests="1" skipped="0" failures="0" errors="0" timestamp="2021-11-02T18:53:49" hostname="Arch" time="0.841">
  <properties/>
  <testcase name="contextLoads()" classname="com.example.train1.Train1ApplicationTests" time="0.841"/>
  <system-out><![CDATA[22:23:47.905 [Test worker] DEBUG org.springframework.test.context.BootstrapUtils - Instantiating CacheAwareContextLoaderDelegate from class [org.springframework.test.context.cache.DefaultCacheAwareContextLoaderDelegate]
22:23:47.912 [Test worker] DEBUG org.springframework.test.context.BootstrapUtils - Instantiating BootstrapContext using constructor [public org.springframework.test.context.support.DefaultBootstrapContext(java.lang.Class,org.springframework.test.context.CacheAwareContextLoaderDelegate)]
22:23:47.935 [Test worker] DEBUG org.springframework.test.context.BootstrapUtils - Instantiating TestContextBootstrapper for test class [com.example.train1.Train1ApplicationTests] from class [org.springframework.boot.test.context.SpringBootTestContextBootstrapper]
22:23:47.942 [Test worker] INFO org.springframework.boot.test.context.SpringBootTestContextBootstrapper - Neither @ContextConfiguration nor @ContextHierarchy found for test class [com.example.train1.Train1ApplicationTests], using SpringBootContextLoader
22:23:47.944 [Test worker] DEBUG org.springframework.test.context.support.AbstractContextLoader - Did not detect default resource location for test class [com.example.train1.Train1ApplicationTests]: class path resource [com/example/train1/Train1ApplicationTests-context.xml] does not exist
22:23:47.945 [Test worker] DEBUG org.springframework.test.context.support.AbstractContextLoader - Did not detect default resource location for test class [com.example.train1.Train1ApplicationTests]: class path resource [com/example/train1/Train1ApplicationTestsContext.groovy] does not exist
22:23:47.945 [Test worker] INFO org.springframework.test.context.support.AbstractContextLoader - Could not detect default resource locations for test class [com.example.train1.Train1ApplicationTests]: no resource found for suffixes {-context.xml, Context.groovy}.
22:23:47.946 [Test worker] INFO org.springframework.test.context.support.AnnotationConfigContextLoaderUtils - Could not detect default configuration classes for test class [com.example.train1.Train1ApplicationTests]: Train1ApplicationTests does not declare any static, non-private, non-final, nested classes annotated with @Configuration.
22:23:47.970 [Test worker] DEBUG org.springframework.test.context.support.ActiveProfilesUtils - Could not find an 'annotation declaring class' for annotation type [org.springframework.test.context.ActiveProfiles] and class [com.example.train1.Train1ApplicationTests]
22:23:48.002 [Test worker] DEBUG org.springframework.context.annotation.ClassPathScanningCandidateComponentProvider - Identified candidate component class: file [/home/darkdeveloper/Developing/SpringProjects/train/train1/build/classes/java/main/com/example/train1/Train1Application.class]
22:23:48.003 [Test worker] INFO org.springframework.boot.test.context.SpringBootTestContextBootstrapper - Found @SpringBootConfiguration com.example.train1.Train1Application for test class com.example.train1.Train1ApplicationTests
22:23:48.065 [Test worker] DEBUG org.springframework.boot.test.context.SpringBootTestContextBootstrapper - @TestExecutionListeners is not present for class [com.example.train1.Train1ApplicationTests]: using defaults.
22:23:48.065 [Test worker] INFO org.springframework.boot.test.context.SpringBootTestContextBootstrapper - Loaded default TestExecutionListener class names from location [META-INF/spring.factories]: [org.springframework.boot.test.autoconfigure.restdocs.RestDocsTestExecutionListener, org.springframework.boot.test.autoconfigure.web.client.MockRestServiceServerResetTestExecutionListener, org.springframework.boot.test.autoconfigure.web.servlet.MockMvcPrintOnlyOnFailureTestExecutionListener, org.springframework.boot.test.autoconfigure.web.servlet.WebDriverTestExecutionListener, org.springframework.boot.test.autoconfigure.webservices.client.MockWebServiceServerTestExecutionListener, org.springframework.boot.test.mock.mockito.MockitoTestExecutionListener, org.springframework.boot.test.mock.mockito.ResetMocksTestExecutionListener, org.springframework.test.context.web.ServletTestExecutionListener, org.springframework.test.context.support.DirtiesContextBeforeModesTestExecutionListener, org.springframework.test.context.event.ApplicationEventsTestExecutionListener, org.springframework.test.context.support.DependencyInjectionTestExecutionListener, org.springframework.test.context.support.DirtiesContextTestExecutionListener, org.springframework.test.context.transaction.TransactionalTestExecutionListener, org.springframework.test.context.jdbc.SqlScriptsTestExecutionListener, org.springframework.test.context.event.EventPublishingTestExecutionListener]
22:23:48.078 [Test worker] DEBUG org.springframework.boot.test.context.SpringBootTestContextBootstrapper - Skipping candidate TestExecutionListener [org.springframework.test.context.transaction.TransactionalTestExecutionListener] due to a missing dependency. Specify custom listener classes or make the default listener classes and their required dependencies available. Offending class: [org/springframework/transaction/interceptor/TransactionAttributeSource]
22:23:48.079 [Test worker] DEBUG org.springframework.boot.test.context.SpringBootTestContextBootstrapper - Skipping candidate TestExecutionListener [org.springframework.test.context.jdbc.SqlScriptsTestExecutionListener] due to a missing dependency. Specify custom listener classes or make the default listener classes and their required dependencies available. Offending class: [org/springframework/transaction/interceptor/TransactionAttribute]
22:23:48.079 [Test worker] INFO org.springframework.boot.test.context.SpringBootTestContextBootstrapper - Using TestExecutionListeners: [org.springframework.test.context.web.ServletTestExecutionListener@4189d70b, org.springframework.test.context.support.DirtiesContextBeforeModesTestExecutionListener@3fa2213, org.springframework.test.context.event.ApplicationEventsTestExecutionListener@3e7634b9, org.springframework.boot.test.mock.mockito.MockitoTestExecutionListener@6f0b0a5e, org.springframework.boot.test.autoconfigure.SpringBootDependencyInjectionTestExecutionListener@6035b93b, org.springframework.test.context.support.DirtiesContextTestExecutionListener@320de594, org.springframework.test.context.event.EventPublishingTestExecutionListener@3dd1dc90, org.springframework.boot.test.autoconfigure.restdocs.RestDocsTestExecutionListener@abf688e, org.springframework.boot.test.autoconfigure.web.client.MockRestServiceServerResetTestExecutionListener@478ee483, org.springframework.boot.test.autoconfigure.web.servlet.MockMvcPrintOnlyOnFailureTestExecutionListener@1a7288a3, org.springframework.boot.test.autoconfigure.web.servlet.WebDriverTestExecutionListener@2974f221, org.springframework.boot.test.autoconfigure.webservices.client.MockWebServiceServerTestExecutionListener@58fe0499, org.springframework.boot.test.mock.mockito.ResetMocksTestExecutionListener@686449f9]
22:23:48.081 [Test worker] DEBUG org.springframework.test.context.support.AbstractDirtiesContextTestExecutionListener - Before test class: context [DefaultTestContext@29df4d43 testClass = Train1ApplicationTests, testInstance = [null], testMethod = [null], testException = [null], mergedContextConfiguration = [WebMergedContextConfiguration@5dd91bca testClass = Train1ApplicationTests, locations = '{}', classes = '{class com.example.train1.Train1Application}', contextInitializerClasses = '[]', activeProfiles = '{}', propertySourceLocations = '{}', propertySourceProperties = '{org.springframework.boot.test.context.SpringBootTestContextBootstrapper=true}', contextCustomizers = set[org.springframework.boot.test.autoconfigure.actuate.metrics.MetricsExportContextCustomizerFactory$DisableMetricExportContextCustomizer@73a8da0f, org.springframework.boot.test.autoconfigure.properties.PropertyMappingContextCustomizer@0, org.springframework.boot.test.autoconfigure.web.servlet.WebDriverContextCustomizerFactory$Customizer@4f6f416f, org.springframework.boot.test.context.filter.ExcludeFilterContextCustomizer@3eb77ea8, org.springframework.boot.test.json.DuplicateJsonObjectContextCustomizerFactory$DuplicateJsonObjectContextCustomizer@44c73c26, org.springframework.boot.test.mock.mockito.MockitoContextCustomizer@0, org.springframework.boot.test.web.client.TestRestTemplateContextCustomizer@5b67bb7e, org.springframework.boot.test.context.SpringBootTestArgs@1, org.springframework.boot.test.context.SpringBootTestWebEnvironment@41a2befb], resourceBasePath = 'src/main/webapp', contextLoader = 'org.springframework.boot.test.context.SpringBootContextLoader', parent = [null]], attributes = map['org.springframework.test.context.web.ServletTestExecutionListener.activateListener' -> true]], class annotated with @DirtiesContext [false] with mode [null].
22:23:48.101 [Test worker] DEBUG org.springframework.test.context.support.TestPropertySourceUtils - Adding inlined properties to environment: {spring.jmx.enabled=false, org.springframework.boot.test.context.SpringBootTestContextBootstrapper=true}

  .   ____          _            __ _ _
 /\\ / ___'_ __ _ _(_)_ __  __ _ \ \ \ \
( ( )\___ | '_ | '_| | '_ \/ _` | \ \ \ \
 \\/  ___)| |_)| | | | | || (_| |  ) ) ) )
  '  |____| .__|_| |_|_| |_\__, | / / / /
 =========|_|==============|___/=/_/_/_/
 :: Spring Boot ::                (v2.5.6)

2021-11-02 22:23:48.353  INFO 31142 --- [    Test worker] c.example.train1.Train1ApplicationTests  : Starting Train1ApplicationTests using Java 17 on Arch with PID 31142 (started by darkdeveloper in /home/darkdeveloper/Developing/SpringProjects/train/train1)
2021-11-02 22:23:48.355  INFO 31142 --- [    Test worker] c.example.train1.Train1ApplicationTests  : No active profile set, falling back to default profiles: default
2021-11-02 22:23:49.284  INFO 31142 --- [    Test worker] c.example.train1.Train1ApplicationTests  : Started Train1ApplicationTests in 1.179 seconds (JVM running for 2.266)
]]></system-out>
  <system-err><![CDATA[]]></system-err>
</testsuite>
